[[{:name=>"class",
   :code=>"class_L1",
   :values=>
    [{:name=>"keyword", :value=>"class"},
     {:name=>"className",
      :code=>"className_L2",
      :values=>
       [{:name=>"identifier",
         :code=>"identifier_L3",
         :values=>[{:name=>"identifier", :value=>"Main"}]}]},
     {:name=>"symbol", :value=>"{"},
     {:name=>"classVarDec",
      :code=>"classVarDec_L4",
      :values=>
       [{:name=>"keyword", :value=>"field"},
        {:name=>"type",
         :code=>"type_L5",
         :values=>[{:name=>"keyword", :value=>"int"}]},
        {:name=>"varName",
         :code=>"varName_L6",
         :values=>
          [{:name=>"identifier",
            :code=>"identifier_L7",
            :values=>[{:name=>"identifier", :value=>"a"}]}]},
        {:name=>"symbol", :value=>";"}]},
     {:name=>"classVarDec",
      :code=>"classVarDec_L8",
      :values=>
       [{:name=>"keyword", :value=>"field"},
        {:name=>"type",
         :code=>"type_L9",
         :values=>[{:name=>"keyword", :value=>"int"}]},
        {:name=>"varName",
         :code=>"varName_L10",
         :values=>
          [{:name=>"identifier",
            :code=>"identifier_L11",
            :values=>[{:name=>"identifier", :value=>"b"}]}]},
        {:name=>"symbol", :value=>";"}]},
     {:name=>"classVarDec",
      :code=>"classVarDec_L12",
      :values=>
       [{:name=>"keyword", :value=>"field"},
        {:name=>"type",
         :code=>"type_L13",
         :values=>[{:name=>"keyword", :value=>"int"}]},
        {:name=>"varName",
         :code=>"varName_L14",
         :values=>
          [{:name=>"identifier",
            :code=>"identifier_L15",
            :values=>[{:name=>"identifier", :value=>"c"}]}]},
        {:name=>"symbol", :value=>";"}]},
     {:name=>"subroutineDec",
      :code=>"subroutineDec_L17",
      :values=>
       [{:name=>"keyword", :value=>"method"},
        {:name=>"keyword", :value=>"void"},
        {:name=>"subroutineName",
         :code=>"subroutineName_L18",
         :values=>
          [{:name=>"identifier",
            :code=>"identifier_L19",
            :values=>[{:name=>"identifier", :value=>"expr"}]}]},
        {:name=>"symbol", :value=>"("},
        {:name=>"symbol", :value=>")"},
        {:name=>"subroutineBody",
         :code=>"subroutineBody_L24",
         :values=>
          [{:name=>"symbol", :value=>"{"},
           {:name=>"varDec",
            :code=>"varDec_L25",
            :values=>
             [{:name=>"keyword", :value=>"var"},
              {:name=>"type",
               :code=>"type_L26",
               :values=>[{:name=>"keyword", :value=>"int"}]},
              {:name=>"varName",
               :code=>"varName_L27",
               :values=>
                [{:name=>"identifier",
                  :code=>"identifier_L28",
                  :values=>[{:name=>"identifier", :value=>"x"}]}]},
              {:name=>"symbol", :value=>";"}]},
           {:name=>"statements",
            :code=>"statements_L30",
            :values=>
             [{:name=>"statement",
               :code=>"statement_L31",
               :values=>
                [{:name=>"letStatement",
                  :code=>"letStatement_L32",
                  :values=>
                   [{:name=>"keyword", :value=>"let"},
                    {:name=>"varName",
                     :code=>"varName_L33",
                     :values=>
                      [{:name=>"identifier",
                        :code=>"identifier_L34",
                        :values=>[{:name=>"identifier", :value=>"a"}]}]},
                    {:name=>"symbol", :value=>"="},
                    {:name=>"expression",
                     :code=>"expression_L35",
                     :values=>
                      [{:name=>"term",
                        :code=>"term_L36",
                        :values=>
                         [{:name=>"integerConstant",
                           :code=>"integerConstant_L37",
                           :values=>
                            [{:name=>"integerConstant", :value=>"1"}]}]}]},
                    {:name=>"symbol", :value=>";"}]}]},
              {:name=>"statement",
               :code=>"statement_L39",
               :values=>
                [{:name=>"letStatement",
                  :code=>"letStatement_L40",
                  :values=>
                   [{:name=>"keyword", :value=>"let"},
                    {:name=>"varName",
                     :code=>"varName_L41",
                     :values=>
                      [{:name=>"identifier",
                        :code=>"identifier_L42",
                        :values=>[{:name=>"identifier", :value=>"b"}]}]},
                    {:name=>"symbol", :value=>"="},
                    {:name=>"expression",
                     :code=>"expression_L43",
                     :values=>
                      [{:name=>"term",
                        :code=>"term_L44",
                        :values=>
                         [{:name=>"integerConstant",
                           :code=>"integerConstant_L45",
                           :values=>
                            [{:name=>"integerConstant", :value=>"2"}]}]}]},
                    {:name=>"symbol", :value=>";"}]}]},
              {:name=>"statement",
               :code=>"statement_L47",
               :values=>
                [{:name=>"letStatement",
                  :code=>"letStatement_L48",
                  :values=>
                   [{:name=>"keyword", :value=>"let"},
                    {:name=>"varName",
                     :code=>"varName_L49",
                     :values=>
                      [{:name=>"identifier",
                        :code=>"identifier_L50",
                        :values=>[{:name=>"identifier", :value=>"c"}]}]},
                    {:name=>"symbol", :value=>"="},
                    {:name=>"expression",
                     :code=>"expression_L51",
                     :values=>
                      [{:name=>"term",
                        :code=>"term_L52",
                        :values=>
                         [{:name=>"varName",
                           :code=>"varName_L63",
                           :values=>
                            [{:name=>"identifier",
                              :code=>"identifier_L64",
                              :values=>
                               [{:name=>"identifier", :value=>"a"}]}]}]},
                       {:name=>"op",
                        :code=>"op_L65",
                        :values=>[{:name=>"symbol", :value=>"+"}]},
                       {:name=>"term",
                        :code=>"term_L66",
                        :values=>
                         [{:name=>"symbol", :value=>"("},
                          {:name=>"expression",
                           :code=>"expression_L81",
                           :values=>
                            [{:name=>"term",
                              :code=>"term_L82",
                              :values=>
                               [{:name=>"varName",
                                 :code=>"varName_L93",
                                 :values=>
                                  [{:name=>"identifier",
                                    :code=>"identifier_L94",
                                    :values=>
                                     [{:name=>"identifier", :value=>"b"}]}]}]},
                             {:name=>"op",
                              :code=>"op_L95",
                              :values=>[{:name=>"symbol", :value=>"*"}]},
                             {:name=>"term",
                              :code=>"term_L96",
                              :values=>
                               [{:name=>"symbol", :value=>"("},
                                {:name=>"expression",
                                 :code=>"expression_L111",
                                 :values=>
                                  [{:name=>"term",
                                    :code=>"term_L112",
                                    :values=>
                                     [{:name=>"varName",
                                       :code=>"varName_L123",
                                       :values=>
                                        [{:name=>"identifier",
                                          :code=>"identifier_L124",
                                          :values=>
                                           [{:name=>"identifier",
                                             :value=>"b"}]}]}]},
                                   {:name=>"op",
                                    :code=>"op_L125",
                                    :values=>[{:name=>"symbol", :value=>"-"}]},
                                   {:name=>"term",
                                    :code=>"term_L126",
                                    :values=>
                                     [{:name=>"varName",
                                       :code=>"varName_L137",
                                       :values=>
                                        [{:name=>"identifier",
                                          :code=>"identifier_L138",
                                          :values=>
                                           [{:name=>"identifier",
                                             :value=>"a"}]}]}]}]},
                                {:name=>"symbol", :value=>")"}]}]},
                          {:name=>"symbol", :value=>")"}]},
                       {:name=>"op",
                        :code=>"op_L141",
                        :values=>[{:name=>"symbol", :value=>"+"}]},
                       {:name=>"term",
                        :code=>"term_L142",
                        :values=>
                         [{:name=>"varName",
                           :code=>"varName_L153",
                           :values=>
                            [{:name=>"identifier",
                              :code=>"identifier_L154",
                              :values=>
                               [{:name=>"identifier", :value=>"a"}]}]}]}]},
                    {:name=>"symbol", :value=>";"}]}]},
              {:name=>"statement",
               :code=>"statement_L156",
               :values=>
                [{:name=>"returnStatement",
                  :code=>"returnStatement_L161",
                  :values=>
                   [{:name=>"keyword", :value=>"return"},
                    {:name=>"symbol", :value=>";"}]}]}]},
           {:name=>"symbol", :value=>"}"}]}]},
     {:name=>"symbol", :value=>"}"}]}]]